<?xml version="1.0" encoding="UTF-8"?>
<!-- Generated by org.testng.reporters.JUnitXMLReporter -->
<testsuite ignored="0" hostname="LAPTOP-CRVHSKP7" failures="0" tests="3" name="Test" time="30.748" errors="0" timestamp="2024-05-02T15:45:21 IST">
  <testcase classname="com.Jotform.JotForm.FormTests" name="verifyNullFieldValidation" time="0.4"/>
  <testcase classname="com.Jotform.JotForm.FormTests" name="verifyInvalidData" time="11.927"/>
  <testcase classname="com.Jotform.JotForm.FormTests" name="verifyValidData" time="5.043"/>
</testsuite> <!-- Test -->
