<?xml version="1.0" encoding="UTF-8"?>
<testng-results ignored="0" total="3" passed="3" failed="0" skipped="0">
  <reporter-output>
  </reporter-output>
  <suite started-at="2024-05-02T15:44:50 IST" name="Suite" finished-at="2024-05-02T15:45:21 IST" duration-ms="30748">
    <groups>
    </groups>
    <test started-at="2024-05-02T15:44:50 IST" name="Test" finished-at="2024-05-02T15:45:21 IST" duration-ms="30748">
      <class name="com.Jotform.JotForm.FormTests">
        <test-method is-config="true" signature="setup(java.lang.String)[pri:0, instance:com.Jotform.JotForm.FormTests@7cc0cdad]" started-at="2024-05-02T15:44:50 IST" name="setup" finished-at="2024-05-02T15:44:58 IST" duration-ms="8208" status="PASS">
          <params>
            <param index="0">
              <value>
                <![CDATA[https://form.jotform.com/241153403489455]]>
              </value>
            </param>
          </params>
          <reporter-output>
          </reporter-output>
        </test-method> <!-- setup -->
        <test-method is-config="true" signature="pageReload()[pri:0, instance:com.Jotform.JotForm.FormTests@7cc0cdad]" started-at="2024-05-02T15:44:58 IST" name="pageReload" finished-at="2024-05-02T15:45:00 IST" duration-ms="1554" status="PASS">
          <reporter-output>
          </reporter-output>
        </test-method> <!-- pageReload -->
        <test-method signature="verifyNullFieldValidation()[pri:1, instance:com.Jotform.JotForm.FormTests@7cc0cdad]" started-at="2024-05-02T15:45:00 IST" name="verifyNullFieldValidation" finished-at="2024-05-02T15:45:00 IST" duration-ms="400" status="PASS">
          <reporter-output>
          </reporter-output>
        </test-method> <!-- verifyNullFieldValidation -->
        <test-method is-config="true" signature="pageReload()[pri:0, instance:com.Jotform.JotForm.FormTests@7cc0cdad]" started-at="2024-05-02T15:45:00 IST" name="pageReload" finished-at="2024-05-02T15:45:02 IST" duration-ms="1393" status="PASS">
          <reporter-output>
          </reporter-output>
        </test-method> <!-- pageReload -->
        <test-method signature="verifyInvalidData()[pri:2, instance:com.Jotform.JotForm.FormTests@7cc0cdad]" started-at="2024-05-02T15:45:02 IST" name="verifyInvalidData" finished-at="2024-05-02T15:45:14 IST" duration-ms="11927" status="PASS">
          <reporter-output>
          </reporter-output>
        </test-method> <!-- verifyInvalidData -->
        <test-method is-config="true" signature="pageReload()[pri:0, instance:com.Jotform.JotForm.FormTests@7cc0cdad]" started-at="2024-05-02T15:45:14 IST" name="pageReload" finished-at="2024-05-02T15:45:16 IST" duration-ms="1930" status="PASS">
          <reporter-output>
          </reporter-output>
        </test-method> <!-- pageReload -->
        <test-method signature="verifyValidData(java.lang.String,java.lang.String,java.lang.String,java.lang.String,java.lang.String,java.lang.String,java.lang.String,java.lang.String,java.lang.String)[pri:3, instance:com.Jotform.JotForm.FormTests@7cc0cdad]" started-at="2024-05-02T15:45:16 IST" name="verifyValidData" finished-at="2024-05-02T15:45:21 IST" duration-ms="5043" status="PASS">
          <params>
            <param index="0">
              <value>
                <![CDATA[Test]]>
              </value>
            </param>
            <param index="1">
              <value>
                <![CDATA[User]]>
              </value>
            </param>
            <param index="2">
              <value>
                <![CDATA[7983610000]]>
              </value>
            </param>
            <param index="3">
              <value>
                <![CDATA[example@gmail.com]]>
              </value>
            </param>
            <param index="4">
              <value>
                <![CDATA[Automation testing purpose]]>
              </value>
            </param>
            <param index="5">
              <value>
                <![CDATA[01-01-2024]]>
              </value>
            </param>
            <param index="6">
              <value>
                <![CDATA[02:30]]>
              </value>
            </param>
            <param index="7">
              <value>
                <![CDATA[Any required feature needs to be specify here.]]>
              </value>
            </param>
            <param index="8">
              <value>
                <![CDATA[Any query to be asked needs to jot down here.]]>
              </value>
            </param>
          </params>
          <reporter-output>
          </reporter-output>
        </test-method> <!-- verifyValidData -->
        <test-method is-config="true" signature="teardown()[pri:0, instance:com.Jotform.JotForm.FormTests@7cc0cdad]" started-at="2024-05-02T15:45:21 IST" name="teardown" finished-at="2024-05-02T15:45:21 IST" duration-ms="224" status="PASS">
          <reporter-output>
          </reporter-output>
        </test-method> <!-- teardown -->
      </class> <!-- com.Jotform.JotForm.FormTests -->
    </test> <!-- Test -->
  </suite> <!-- Suite -->
</testng-results>
